<?xml version="1.0" encoding="UTF-8"?>
<!-- Generated by org.testng.reporters.JUnitReportReporter -->
<testsuite hostname="MDC2B-L-HM2PHG3" failures="0" tests="1" name="com.internetherokuapp.Basic_Auth" time="0.667" errors="0" timestamp="2024-04-03T00:25:50 IST" skipped="0">
  <testcase classname="com.internetherokuapp.Basic_Auth" name="f" time="0.667"/>
</testsuite> <!-- com.internetherokuapp.Basic_Auth -->
