<?xml version="1.0" encoding="UTF-8"?>
<!-- Generated by org.testng.reporters.JUnitReportReporter -->
<testsuite hostname="MDC2B-L-HM2PHG3" failures="0" tests="1" name="com.internetherokuapp.Add_Remove_Elements_" time="0.783" errors="0" timestamp="2024-03-30T22:56:22 IST" skipped="0">
  <testcase classname="com.internetherokuapp.Add_Remove_Elements_" name="f" time="0.783"/>
</testsuite> <!-- com.internetherokuapp.Add_Remove_Elements_ -->
