<?xml version="1.0" encoding="UTF-8"?>
<!-- Generated by org.testng.reporters.JUnitReportReporter -->
<testsuite hostname="MDC2B-L-HM2PHG3" failures="0" tests="1" name="com.internetherokuapp.Dynamic_Checkbox" time="7.879" errors="0" timestamp="2024-04-06T23:33:01 IST" skipped="0">
  <testcase classname="com.internetherokuapp.Dynamic_Checkbox" name="f" time="7.879"/>
</testsuite> <!-- com.internetherokuapp.Dynamic_Checkbox -->
