<?xml version="1.0" encoding="UTF-8"?>
<!-- Generated by org.testng.reporters.JUnitReportReporter -->
<testsuite hostname="MDC2B-L-HM2PHG3" failures="0" tests="1" name="com.internetherokuapp.MultiWindow" time="3.402" errors="0" timestamp="2024-04-07T17:08:13 IST" skipped="0">
  <testcase classname="com.internetherokuapp.MultiWindow" name="f" time="3.402"/>
</testsuite> <!-- com.internetherokuapp.MultiWindow -->
