<?xml version="1.0" encoding="UTF-8"?>
<!-- Generated by org.testng.reporters.JUnitReportReporter -->
<testsuite hostname="MDC2B-L-HM2PHG3" failures="0" tests="1" name="com.internetherokuapp.WebTables" time="5.806" errors="0" timestamp="2024-04-06T22:57:49 IST" skipped="0">
  <testcase classname="com.internetherokuapp.WebTables" name="f" time="5.806"/>
</testsuite> <!-- com.internetherokuapp.WebTables -->
