<?xml version="1.0" encoding="UTF-8"?>
<!-- Generated by org.testng.reporters.JUnitReportReporter -->
<testsuite hostname="MDC2B-L-HM2PHG3" failures="0" tests="1" name="com.internetherokuapp.ContextMenu" time="0.487" errors="0" timestamp="2024-04-06T23:09:51 IST" skipped="0">
  <testcase classname="com.internetherokuapp.ContextMenu" name="test1" time="0.487"/>
</testsuite> <!-- com.internetherokuapp.ContextMenu -->
