<?xml version="1.0" encoding="UTF-8"?>
<!-- Generated by org.testng.reporters.JUnitReportReporter -->
<testsuite hostname="MDC2B-L-HM2PHG3" failures="0" tests="1" name="com.internetherokuapp.Slider" time="0.304" errors="0" timestamp="2024-04-07T18:40:01 IST" skipped="0">
  <testcase classname="com.internetherokuapp.Slider" name="f" time="0.304"/>
</testsuite> <!-- com.internetherokuapp.Slider -->
